[2020-08-31T08:32:26.208] [INFO] default - 21
[2020-08-31T08:35:04.818] [INFO] default - -21
[2020-08-31T08:39:23.056] [INFO] default - -21
[2020-08-31T08:39:23.069] [INFO] default - -20
[2020-08-31T08:40:25.836] [INFO] default - -21
[2020-08-31T08:40:25.844] [INFO] default - -20
[2020-08-31T08:48:50.545] [INFO] default - 21
[2020-08-31T08:48:50.552] [INFO] default - -20
[2020-08-31T08:49:36.846] [INFO] default - Momentjs =  21
[2020-08-31T08:49:36.858] [INFO] default - Vanilajs =  -20
[2020-08-31T08:49:59.336] [INFO] default - Momentjs =  21
[2020-08-31T08:49:59.344] [INFO] default - Vanilajs =  20
[2020-08-31T08:53:28.886] [INFO] default - Momentjs =  21
[2020-08-31T08:53:28.896] [INFO] default - Vanilajs =  20
[2020-08-31T08:55:40.328] [INFO] default - Momentjs =  21
[2020-08-31T08:55:40.335] [INFO] default - Vanilajs =  20
[2020-08-31T08:56:30.999] [INFO] default - Momentjs =  0
[2020-08-31T08:56:31.010] [INFO] default - Vanilajs =  20
[2020-08-31T08:57:24.700] [INFO] default - Momentjs =  0
[2020-08-31T08:57:24.707] [INFO] default - Vanilajs =  20
[2020-08-31T08:58:19.912] [INFO] default - Momentjs =  0
[2020-08-31T08:58:19.922] [INFO] default - Vanilajs =  20
[2020-08-31T08:58:49.221] [INFO] default - Momentjs =  1
[2020-08-31T08:58:49.228] [INFO] default - Vanilajs =  20
[2020-08-31T08:59:30.819] [INFO] default - Vanilajs =  1
[2020-08-31T08:59:30.827] [INFO] default - Momentjs =  20
[2020-08-31T08:59:53.025] [INFO] default - Vanilajs =  0
[2020-08-31T08:59:53.033] [INFO] default - Momentjs =  20
[2020-08-31T09:00:48.998] [INFO] default - Vanilajs =  0
[2020-08-31T09:00:49.005] [INFO] default - Momentjs =  20
[2020-08-31T09:01:19.843] [INFO] default - Vanilajs =  21
[2020-08-31T09:01:19.852] [INFO] default - Momentjs =  20
[2020-08-31T09:01:48.490] [INFO] default - Vanilajs =  21
[2020-08-31T09:01:48.497] [INFO] default - Momentjs =  20
[2020-08-31T09:02:17.292] [INFO] default - Vanilajs =  21
[2020-08-31T09:02:17.299] [INFO] default - Momentjs =  20
[2020-08-31T09:02:21.151] [INFO] default - Vanilajs =  21
[2020-08-31T09:02:21.157] [INFO] default - Momentjs =  20
[2020-08-31T09:02:34.517] [INFO] default - Vanilajs =  21
[2020-08-31T09:02:34.523] [INFO] default - Momentjs =  20
[2020-08-31T09:03:14.099] [INFO] default - Vanilajs =  20
[2020-08-31T09:03:14.105] [INFO] default - Momentjs =  20
[2020-08-31T09:05:40.948] [INFO] default - Vanilajs =  21
[2020-08-31T09:05:40.959] [INFO] default - Momentjs =  20
[2020-08-31T09:06:04.027] [INFO] default - Vanilajs =  21
[2020-08-31T09:06:04.037] [INFO] default - Momentjs =  20
[2020-08-31T09:06:24.839] [INFO] default - Vanilajs =  21
[2020-08-31T09:06:24.846] [INFO] default - Momentjs =  20
[2020-08-31T09:06:40.572] [INFO] default - Vanilajs =  21
[2020-08-31T09:06:40.578] [INFO] default - Momentjs =  20
[2020-08-31T09:06:52.626] [INFO] default - Vanilajs =  20
[2020-08-31T09:06:52.633] [INFO] default - Momentjs =  20
